app/build/outputs/mapping/release/mapping.txt
# compiler: R8
# compiler_version: 8.5.10
# min_api: 19
# common_typos_disable
# {"id":"com.android.tools.r8.mapping","version":"2.2"}
# pg_map_id: 809434b
# pg_map_hash: SHA-256 809434b81b0b2d62a2f2a70e4a15adf50f456cc90dc65c2cab23ab1545e2ff2c
localhost_3000.twa.Application -> localhost_3000.twa.Application:
# {"id":"sourceFile","fileName":"Application.java"}
localhost_3000.twa.DelegationService -> localhost_3000.twa.DelegationService:
# {"id":"sourceFile","fileName":"DelegationService.java"}
localhost_3000.twa.LauncherActivity -> localhost_3000.twa.LauncherActivity:
# {"id":"sourceFile","fileName":"LauncherActivity.java"}
    1:1:android.net.Uri getLaunchingUrl():0:0 -> h
...
com.google.androidbrowserhelper.trusted.NotificationDelegationExtraCommandHandler -> n.u:
# {"id":"sourceFile","fileName":"NotificationDelegationExtraCommandHandler.java"}
    1:4:void <init>():0:0 -> <init>
    1:86:android.os.Bundle handleExtraCommand(android.content.Context,java.lang.String,android.os.Bundle,androidx.browser.trusted.TrustedWebActivityCallbackRemote):0:0 -> a
      # {"id":"com.android.tools.r8.residualsignature","signature":"(Landroid/content/Context;Ljava/lang/String;Landroid/os/Bundle;Lf/n;)Landroid/os/Bundle;"}
com.google.androidbrowserhelper.trusted.NotificationPermissionRequestActivity -> com.google.androidbrowserhelper.trusted.NotificationPermissionRequestActivity:
# {"id":"sourceFile","fileName":"NotificationPermissionRequestActivity.java"}
    java.lang.String mChannelName -> a
    android.os.Messenger mMessenger -> b
    1:1:android.app.PendingIntent createPermissionRequestPendingIntent(android.content.Context,java.lang.String):0:0 -> a
    1:1:void sendPermissionMessage(android.os.Messenger,boolean):0:0 -> b
com.google.androidbrowserhelper.trusted.NotificationUtils -> n.v:
# {"id":"sourceFile","fileName":"NotificationUtils.java"}
    1:42:boolean areNotificationsEnabled(android.content.Context,java.lang.String):0:0 -> a
    1:32:java.lang.String channelNameToId(java.lang.String):0:0 -> b
    1:25:void createNotificationChannel(android.content.Context,java.lang.String):0:0 -> c
com.google.androidbrowserhelper.trusted.PrefUtils -> n.w:
# {"id":"sourceFile","fileName":"PrefUtils.java"}
    1:12:android.content.SharedPreferences getAppSharedPreferences(android.content.Context):0:0 -> a
    1:12:boolean hasRequestedNotificationPermission(android.content.Context):0:0 -> b
    1:19:void setHasRequestedNotificationPermission(android.content.Context):0:0 -> c
com.google.androidbrowserhelper.trusted.QualityEnforcer -> n.z:
# {"id":"sourceFile","fileName":"QualityEnforcer.java"}
    com.google.androidbrowserhelper.trusted.QualityEnforcer$Delegate mDelegate -> a
      # {"id":"com.android.tools.r8.residualsignature","signature":"Ln/z$a;"}
    1:11:void <init>():0:0 -> <init>
    3:40:android.os.Bundle extraCallbackWithResult(java.lang.String,android.os.Bundle):0:0 -> b
    1:1:void n.QualityEnforcer.$r8$lambda$2fFOwbGjei_7umXwon5vLjU2LWQ(java.lang.String):0:0 -> g
      # {"id":"com.android.tools.r8.synthesized"}
    1:1:void n.QualityEnforcer.$r8$lambda$VgysdV0V8bu89tZ6SnL06V-pnr0(java.lang.String):0:0 -> h
      # {"id":"com.android.tools.r8.synthesized"}
    1:6:void lambda$new$0(java.lang.String):0:0 -> i
    1:18:void lambda$new$1(java.lang.String):0:0 -> j
com.google.androidbrowserhelper.trusted.QualityEnforcer$$ExternalSyntheticLambda0 -> n.x:
# {"id":"sourceFile","fileName":"R8$$SyntheticClass"}
# {"id":"com.android.tools.r8.synthesized"}
    1:1:void n.QualityEnforcer$$ExternalSyntheticLambda0.<init>():0:0 -> <init>
      # {"id":"com.android.tools.r8.synthesized"}
    1:1:void n.QualityEnforcer$$ExternalSyntheticLambda0.crash(java.lang.String):0:0 -> a
      # {"id":"com.android.tools.r8.synthesized"}
com.google.androidbrowserhelper.trusted.QualityEnforcer$$ExternalSyntheticLambda1 -> n.y:
# {"id":"sourceFile","fileName":"R8$$SyntheticClass"}
# {"id":"com.android.tools.r8.synthesized"}
    java.lang.String com.google.androidbrowserhelper.trusted.QualityEnforcer$$InternalSyntheticLambda$3$3b69d296e4617850fa0b4437bff84a5384ff1b0f4217de8559dce21e574c0196$0.f$0 -> a
      # {"id":"com.android.tools.r8.synthesized"}
    1:1:void n.QualityEnforcer$$ExternalSyntheticLambda1.<init>(java.lang.String):0:0 -> <init>
      # {"id":"com.android.tools.r8.synthesized"}
    1:1:void n.QualityEnforcer$$ExternalSyntheticLambda1.run():0:0 -> run
      # {"id":"com.android.tools.r8.synthesized"}
com.google.androidbrowserhelper.trusted.QualityEnforcer$Delegate -> n.z$a:
# {"id":"sourceFile","fileName":"QualityEnforcer.java"}
    void crash(java.lang.String) -> a