app/build/outputs/mapping/release/usage.txt
localhost_3000.twa.R$bool
localhost_3000.twa.R$color
localhost_3000.twa.R$drawable
localhost_3000.twa.R$integer
localhost_3000.twa.R$mipmap
localhost_3000.twa.R$raw
localhost_3000.twa.R$string
localhost_3000.twa.R$xml
localhost_3000.twa.R
...
androidx.core.view.inputmethod.InputConnectionCompat$1
androidx.core.view.inputmethod.InputConnectionCompat$2
androidx.core.view.inputmethod.InputConnectionCompat$OnCommitContentListener
androidx.core.view.inputmethod.InputConnectionCompat
androidx.core.view.inputmethod.InputContentInfoCompat$InputContentInfoCompatApi25Impl
androidx.core.view.inputmethod.InputContentInfoCompat$InputContentInfoCompatBaseImpl
androidx.core.view.inputmethod.InputContentInfoCompat$InputContentInfoCompatImpl
androidx.core.view.inputmethod.InputContentInfoCompat
androidx.core.widget.AutoScrollHelper$ClampedScroller
androidx.core.widget.AutoScrollHelper$ScrollAnimationRunnable
androidx.core.widget.AutoScrollHelper
androidx.core.widget.AutoSizeableTextView
androidx.core.widget.CompoundButtonCompat
androidx.core.widget.ContentLoadingProgressBar$1
androidx.core.widget.ContentLoadingProgressBar$2
androidx.core.widget.ContentLoadingProgressBar
androidx.core.widget.EdgeEffectCompat
androidx.core.widget.ImageViewCompat
androidx.core.widget.ListPopupWindowCompat
androidx.core.widget.ListViewAutoScrollHelper
androidx.core.widget.ListViewCompat
androidx.core.widget.NestedScrollView$AccessibilityDelegate
androidx.core.widget.NestedScrollView$OnScrollChangeListener
androidx.core.widget.NestedScrollView$SavedState$1
androidx.core.widget.NestedScrollView$SavedState
androidx.core.widget.NestedScrollView
androidx.core.widget.PopupMenuCompat
androidx.core.widget.PopupWindowCompat
androidx.core.widget.ScrollerCompat
androidx.core.widget.TextViewCompat$AutoSizeTextType
androidx.core.widget.TextViewCompat$OreoCallback
androidx.core.widget.TextViewCompat
androidx.core.widget.TintableCompoundButton
androidx.core.widget.TintableCompoundDrawablesView
androidx.core.widget.TintableImageSourceView
androidx.interpolator.R
androidx.interpolator.view.animation.FastOutLinearInInterpolator
androidx.interpolator.view.animation.FastOutSlowInInterpolator
androidx.interpolator.view.animation.LinearOutSlowInInterpolator
androidx.interpolator.view.animation.LookupTableInterpolator
androidx.lifecycle.ClassesInfoCache$CallbackInfo
androidx.lifecycle.ClassesInfoCache$MethodReference
androidx.lifecycle.ClassesInfoCache
androidx.lifecycle.CompositeGeneratedAdaptersObserver:
    private final androidx.lifecycle.GeneratedAdapter[] mGeneratedAdapters
    void <init>(androidx.lifecycle.GeneratedAdapter[])
    public void onStateChanged(androidx.lifecycle.LifecycleOwner,androidx.lifecycle.Lifecycle$Event)
androidx.lifecycle.FullLifecycleObserver
androidx.lifecycle.FullLifecycleObserverAdapter$1
androidx.lifecycle.FullLifecycleObserverAdapter:
    private final androidx.lifecycle.FullLifecycleObserver mObserver
    void <init>(androidx.lifecycle.FullLifecycleObserver)
    public void onStateChanged(androidx.lifecycle.LifecycleOwner,androidx.lifecycle.Lifecycle$Event)
androidx.lifecycle.GeneratedAdapter
androidx.lifecycle.GenericLifecycleObserver
androidx.lifecycle.Lifecycle$Event
androidx.lifecycle.Lifecycle$State
androidx.lifecycle.Lifecycle
androidx.lifecycle.LifecycleObserver
androidx.lifecycle.LifecycleOwner
androidx.lifecycle.LifecycleRegistry$1
androidx.lifecycle.LifecycleRegistry$ObserverWithState
androidx.lifecycle.LifecycleRegistry
androidx.lifecycle.LifecycleRegistryOwner
androidx.lifecycle.Lifecycling
androidx.lifecycle.MethodCallsLogger
androidx.lifecycle.OnLifecycleEvent
androidx.lifecycle.R
androidx.lifecycle.ReflectiveGenericLifecycleObserver:
    private final androidx.lifecycle.ClassesInfoCache$CallbackInfo mInfo
    private final java.lang.Object mWrapped
    void <init>(java.lang.Object)
    public void onStateChanged(androidx.lifecycle.LifecycleOwner,androidx.lifecycle.Lifecycle$Event)
androidx.lifecycle.ReportFragment$ActivityInitializationListener
androidx.lifecycle.ReportFragment